13:51:54.789 [Warn] Altium.Sch.Core.SchDataModel2: Import Sheet C:\Users\Sena\Desktop\altium derslerim\PCB_Project\stm32.SchDoc - sheet was taken from cache (objects:27) 
13:51:54.868 [Info] Altium.Sch.Compilation.Compiler.DynamicCompilerChangesWatcher: (V3) DocumentLoading: documentFullPath: C:\Users\Sena\Desktop\altium derslerim\PCB_Project\stm32.SchDoc, projectFullPath: C:\Users\Sena\Desktop\altium derslerim\PCB_Project\PCB_Project.PrjPcb, isDeviceSheet: False 
13:51:54.897 [Info] Altium.Sch.Compilation.Compiler.BackgroundCompiler: (V5) Compilation requested (C:\Users\Sena\Desktop\altium derslerim\PCB_Project\PCB_Project.PrjPcb): DCCW.DocumentLoading (delayed) 
13:51:54.897 [Info] Altium.Sch.Compilation.Compiler.DynamicCompilerChangesWatcher: (V5) (0.029 s) DocumentLoading finished 
13:51:54.913 [Info] Altium.Sch.Compilation.Compiler.BackgroundCompiler: (V5) (0.000 s) Plugin 'UniqueIdsRepairer' completed 
13:51:54.913 [Info] Altium.Sch.Compilation.Compiler.BackgroundCompiler: (V5) (0.000 s) Plugin 'SheetNumberingUpdater' completed 
13:51:54.913 [Info] Altium.Sch.Compilation.Compiler.BackgroundCompiler: (V5) (0.000 s) Plugin 'ProjectStructureChangesNotifier' completed 
13:51:54.913 [Info] Altium.Sch.Compilation.Compiler.BackgroundCompiler: (V5) (0.000 s) Plugin 'CurrentDocumentViewUpdater' completed 
13:51:54.913 [Info] Altium.Sch.Compilation.Compiler.ProjectCompiler: (V5) (0.000 s) Project  compilation completed 
13:51:54.913 [Info] Altium.Sch.Core.Verification.ViolationManagerConsumer: (0.000 s) ViolationManagerConsumer (Incoming violations:0, Total violations:0, Delete existing:True) 
13:51:54.913 [Info] Altium.Sch.Core.Verification.ProjectValidator: (V5) (0.000 s) ERC default completed 
13:51:54.913 [Info] Altium.Sch.Compilation.Compiler.BackgroundCompiler: (V5) (0.018 s) Compilation request completed: DONE  - C:\Users\Sena\Desktop\altium derslerim\PCB_Project\PCB_Project.PrjPcb, Compiled: True 
13:51:55.619 [Info] Altium.Sch.Compilation.Compiler.SchCompilator: Observer registered eUdmProjectView: '' 
13:51:58.797 [Info] Altium.Sch.Compilation.Compiler.SchCompilator: (V3) (0.007 s) Project DDM Compiled notifications end 
13:51:58.797 [Info] Altium.Sch.Compilation.Compiler.SchCompilator: (V3) Compile Notification start - eUdmNavigator, C:\Users\Sena\Desktop\altium derslerim\PCB_Project\PCB_Project.PrjPcb 
13:51:58.797 [Info] Altium.Sch.Compilation.Compiler.SchCompilator: (V3) Compile Notification start - eUdmProjectView, C:\Users\Sena\Desktop\altium derslerim\PCB_Project\PCB_Project.PrjPcb 
13:51:58.815 [Info] Altium.Sch.Compilation.Compiler.SchCompilator: (V3) (0.000 s) Markers for Schematic Error Objects: 0 
13:51:58.815 [Info] Altium.Sch.Compilation.Compiler.SchCompilator: (V3) (0.017 s) Compile Notifications end 
13:51:58.815 [Info] Altium.Sch.Compilation.Compiler.SchCompilator: (V5) (0.001 s) Project DDM Compiled notifications end 
13:51:58.815 [Info] Altium.Sch.Compilation.Compiler.SchCompilator: (V5) Compile Notification start - eUdmNavigator, C:\Users\Sena\Desktop\altium derslerim\PCB_Project\PCB_Project.PrjPcb 
13:51:58.815 [Info] Altium.Sch.Compilation.Compiler.SchCompilator: (V5) Compile Notification start - eUdmProjectView, C:\Users\Sena\Desktop\altium derslerim\PCB_Project\PCB_Project.PrjPcb 
13:51:58.815 [Info] Altium.Sch.Compilation.Compiler.SchCompilator: (V5) (0.000 s) Markers for Schematic Error Objects: 0 
13:51:58.815 [Info] Altium.Sch.Compilation.Compiler.SchCompilator: (V5) (0.000 s) Compile Notifications end 
13:52:02.148 [Info] Altium.Sch.Compilation.Compiler.CompileNotificationsSender: (V5) CompileNotifications sending... 
13:52:02.168 [Info] Altium.Sch.Compilation.Compiler.ProjectCompiler: (V1) (0.000 s) Project logical compilation completed 
13:52:02.240 [Info] Altium.Sch.Compilation.Compiler.CompileNotificationsSender: (V5) CompileNotification sent. 
14:02:24.787 [Info] Altium.Sch.Compilation.Compiler.SuspendController: Continuous compilation suspended ([GLOBAL]): 1 
14:02:26.348 [Info] Altium.Sch.Compilation.Compiler.SuspendController: Continuous compilation resumed ([GLOBAL]): 0 
14:03:56.228 [Warn] Altium.Sch.DataModel.Objects.SchDataObject: Change of the SchDataLibrary's UniqueID ignored ("YEOSIJTV" -> "NCQBCGMB"). 
14:03:56.322 [Info] Altium.Sch.DataModel.EngineObjects.BaseObjects.SelectedObjects: Selection cleared 
14:03:56.322 [Info] Altium.Sch.Core.Performance.AnalyticsUtils: [FeatureTracking] Sch.Selection.Deselect.All: 0 ms 
14:03:56.435 [Info] Altium.Sch.DataModel.EngineObjects.BaseObjects.SelectedObjects: Selection cleared 
14:03:56.435 [Info] Altium.Sch.Core.Performance.AnalyticsUtils: [FeatureTracking] Sch.Selection.Deselect.All: 0 ms 
15:56:39.865 [Info] Altium.Sch.DataModel.EngineObjects.BaseObjects.SelectedObjects: Selection cleared 
15:56:39.865 [Info] Altium.Sch.Core.Performance.AnalyticsUtils: [FeatureTracking] Sch.Selection.Deselect.All: 2 ms 
15:56:39.865 [Info] Altium.Sch.Compilation.Compiler.DynamicCompilerChangesWatcher: Operation took: 1 ms (Full:1 ms) 
15:56:43.072 [Info] Altium.Sch.DataModel.EngineObjects.BaseObjects.SelectedObjects: Selection cleared 
15:56:43.072 [Info] Altium.Sch.Core.Performance.AnalyticsUtils: [FeatureTracking] Sch.Selection.Deselect.All: 1 ms 
15:56:43.072 [Info] Altium.Sch.Compilation.Compiler.DynamicCompilerChangesWatcher: Operation took: 0 ms (Full:0 ms) 
15:56:52.407 [Info] Altium.Sch.Core.Performance.AbstractLogger: TProcessGraphicallyEditPolyLinePoint.Init: 105 ms 
15:56:52.407 [Info] Altium.Sch.Core.Performance.AbstractLogger: TProcessGraphicallyEditPolyLinePoint.Finish: 13 ms 
15:56:52.407 [Info] Altium.Sch.Core.Performance.AbstractLogger: TProcessGraphicallyEditPolyLinePoint.Painter: Total: 525 ms, Count: 225, Avg: 2 ms 
15:56:52.407 [Info] Altium.Sch.Core.Performance.AbstractLogger: TProcessGraphicallyEditPolyLinePoint.Msg: Total: 237 ms, Count: 370, Avg: 0 ms 
15:56:54.355 [Info] Altium.Sch.Core.Performance.AbstractLogger: TProcessGraphicallyEditPolyLinePoint.Init: 67 ms 
15:56:54.355 [Info] Altium.Sch.Core.Performance.AbstractLogger: TProcessGraphicallyEditPolyLinePoint.Finish: 3 ms 
15:56:54.355 [Info] Altium.Sch.Core.Performance.AbstractLogger: TProcessGraphicallyEditPolyLinePoint.Painter: Total: 265 ms, Count: 117, Avg: 2 ms 
15:56:54.355 [Info] Altium.Sch.Core.Performance.AbstractLogger: TProcessGraphicallyEditPolyLinePoint.Msg: Total: 168 ms, Count: 186, Avg: 0 ms 
15:56:55.800 [Info] Altium.Sch.Core.Performance.AbstractLogger: TProcessGraphicallyEditPolyLinePoint.Init: 64 ms 
15:56:55.800 [Info] Altium.Sch.Core.Performance.AbstractLogger: TProcessGraphicallyEditPolyLinePoint.Finish: 3 ms 
15:56:55.800 [Info] Altium.Sch.Core.Performance.AbstractLogger: TProcessGraphicallyEditPolyLinePoint.Painter: Total: 199 ms, Count: 85, Avg: 2 ms 
15:56:55.800 [Info] Altium.Sch.Core.Performance.AbstractLogger: TProcessGraphicallyEditPolyLinePoint.Msg: Total: 126 ms, Count: 134, Avg: 0 ms 
15:56:57.564 [Info] Altium.Sch.Core.Performance.AbstractLogger: TProcessGraphicallyEditPolyLinePoint.Init: 64 ms 
15:56:57.564 [Info] Altium.Sch.Core.Performance.AbstractLogger: TProcessGraphicallyEditPolyLinePoint.Finish: 3 ms 
15:56:57.564 [Info] Altium.Sch.Core.Performance.AbstractLogger: TProcessGraphicallyEditPolyLinePoint.Painter: Total: 255 ms, Count: 111, Avg: 2 ms 
15:56:57.564 [Info] Altium.Sch.Core.Performance.AbstractLogger: TProcessGraphicallyEditPolyLinePoint.Msg: Total: 171 ms, Count: 179, Avg: 0 ms 
15:56:58.733 [Info] Altium.Sch.Core.Performance.AbstractLogger: TProcessGraphicallyEditPolyLinePoint.Init: 61 ms 
15:56:58.733 [Info] Altium.Sch.Core.Performance.AbstractLogger: TProcessGraphicallyEditPolyLinePoint.Finish: 4 ms 
15:56:58.733 [Info] Altium.Sch.Core.Performance.AbstractLogger: TProcessGraphicallyEditPolyLinePoint.Painter: Total: 253 ms, Count: 93, Avg: 2 ms 
15:56:58.733 [Info] Altium.Sch.Core.Performance.AbstractLogger: TProcessGraphicallyEditPolyLinePoint.Msg: Total: 150 ms, Count: 158, Avg: 0 ms 
15:56:59.709 [Info] Altium.Sch.Core.Performance.AbstractLogger: TProcessGraphicallyEditPolyLinePoint.Init: 66 ms 
15:56:59.709 [Info] Altium.Sch.Core.Performance.AbstractLogger: TProcessGraphicallyEditPolyLinePoint.Finish: 3 ms 
15:56:59.709 [Info] Altium.Sch.Core.Performance.AbstractLogger: TProcessGraphicallyEditPolyLinePoint.Painter: Total: 122 ms, Count: 56, Avg: 2 ms 
15:56:59.709 [Info] Altium.Sch.Core.Performance.AbstractLogger: TProcessGraphicallyEditPolyLinePoint.Msg: Total: 156 ms, Count: 89, Avg: 1 ms 
15:57:01.447 [Info] Altium.Sch.Core.Performance.AbstractLogger: TProcessGraphicallyEditPolyLinePoint.Init: 64 ms 
15:57:01.447 [Info] Altium.Sch.Core.Performance.AbstractLogger: TProcessGraphicallyEditPolyLinePoint.Finish: 3 ms 
15:57:01.447 [Info] Altium.Sch.Core.Performance.AbstractLogger: TProcessGraphicallyEditPolyLinePoint.Painter: Total: 304 ms, Count: 116, Avg: 2 ms 
15:57:01.447 [Info] Altium.Sch.Core.Performance.AbstractLogger: TProcessGraphicallyEditPolyLinePoint.Msg: Total: 142 ms, Count: 188, Avg: 0 ms 
15:57:03.324 [Info] Altium.Sch.Core.Performance.AbstractLogger: TProcessGraphicallyEditPolyLinePoint.Init: 60 ms 
15:57:03.324 [Info] Altium.Sch.Core.Performance.AbstractLogger: TProcessGraphicallyEditPolyLinePoint.Finish: 0 ms 
15:57:03.324 [Info] Altium.Sch.Core.Performance.AbstractLogger: TProcessGraphicallyEditPolyLinePoint.Painter: Total: 310 ms, Count: 118, Avg: 2 ms 
15:57:03.324 [Info] Altium.Sch.Core.Performance.AbstractLogger: TProcessGraphicallyEditPolyLinePoint.Msg: Total: 51 ms, Count: 187, Avg: 0 ms 
15:57:07.556 [Info] Altium.Sch.Core.Performance.AbstractLogger: TProcessGraphicallyEditPolyLinePoint.Init: 60 ms 
15:57:07.556 [Info] Altium.Sch.Core.Performance.AbstractLogger: TProcessGraphicallyEditPolyLinePoint.Finish: 2 ms 
15:57:07.556 [Info] Altium.Sch.Core.Performance.AbstractLogger: TProcessGraphicallyEditPolyLinePoint.Painter: Total: 551 ms, Count: 211, Avg: 2 ms 
15:57:07.556 [Info] Altium.Sch.Core.Performance.AbstractLogger: TProcessGraphicallyEditPolyLinePoint.Msg: Total: 2348 ms, Count: 372, Avg: 6 ms 
15:57:08.609 [Info] Altium.Sch.Core.Performance.AbstractLogger: TProcessGraphicallyEditPolyLinePoint.Init: 60 ms 
15:57:08.609 [Info] Altium.Sch.Core.Performance.AbstractLogger: TProcessGraphicallyEditPolyLinePoint.Finish: 7 ms 
15:57:08.609 [Info] Altium.Sch.Core.Performance.AbstractLogger: TProcessGraphicallyEditPolyLinePoint.Painter: Total: 313 ms, Count: 97, Avg: 3 ms 
15:57:08.609 [Info] Altium.Sch.Core.Performance.AbstractLogger: TProcessGraphicallyEditPolyLinePoint.Msg: Total: 58 ms, Count: 168, Avg: 0 ms 
15:57:08.609 [Info] Altium.Sch.Core.Performance.AnalyticsUtils: [FeatureTracking] Sch.Selection.Deselect.All: 1 ms 
15:57:08.624 [Info] Altium.Sch.DataModel.EngineObjects.BaseObjects.SelectedObjects: Selection changed (1): KAHFAJEZ 
15:57:08.640 [Info] Altium.Sch.Compilation.Compiler.DynamicCompilerChangesWatcher: Operation took: 0 ms (Full:0 ms) 
15:57:10.033 [Info] Altium.Sch.DataModel.EngineObjects.BaseObjects.SelectedObjects: Selection cleared 
15:57:10.033 [Info] Altium.Sch.Core.Performance.AnalyticsUtils: [FeatureTracking] Sch.Selection.Deselect.All: 1 ms 
15:57:10.033 [Info] Altium.Sch.Compilation.Compiler.DynamicCompilerChangesWatcher: Operation took: 0 ms (Full:0 ms) 
15:57:12.574 [Info] Altium.Sch.Core.Performance.AbstractLogger: TProcessGraphicallyEditLocationNotifyViews.Init: 63 ms 
15:57:12.575 [Info] Altium.Sch.Core.Performance.AbstractLogger: TProcessGraphicallyEditLocationNotifyViews.Finish: 3 ms 
15:57:12.575 [Info] Altium.Sch.Core.Performance.AbstractLogger: TProcessGraphicallyEditLocationNotifyViews.Painter: Total: 243 ms, Count: 224, Avg: 1 ms 
15:57:12.575 [Info] Altium.Sch.Core.Performance.AbstractLogger: TProcessGraphicallyEditLocationNotifyViews.Msg: Total: 234 ms, Count: 402, Avg: 0 ms 
15:57:15.114 [Info] Altium.Sch.Core.Performance.AbstractLogger: TProcessGraphicallyEditLocationNotifyViews.Init: 59 ms 
15:57:15.114 [Info] Altium.Sch.Core.Performance.AbstractLogger: TProcessGraphicallyEditLocationNotifyViews.Finish: 3 ms 
15:57:15.114 [Info] Altium.Sch.Core.Performance.AbstractLogger: TProcessGraphicallyEditLocationNotifyViews.Painter: Total: 183 ms, Count: 264, Avg: 0 ms 
15:57:15.114 [Info] Altium.Sch.Core.Performance.AbstractLogger: TProcessGraphicallyEditLocationNotifyViews.Msg: Total: 246 ms, Count: 465, Avg: 0 ms 
15:57:15.975 [Info] Altium.Sch.Core.Performance.AbstractLogger: TProcessGraphicallyEditLocationNotifyViews.Init: 62 ms 
15:57:15.975 [Info] Altium.Sch.Core.Performance.AbstractLogger: TProcessGraphicallyEditLocationNotifyViews.Finish: 3 ms 
15:57:15.975 [Info] Altium.Sch.Core.Performance.AbstractLogger: TProcessGraphicallyEditLocationNotifyViews.Painter: Total: 84 ms, Count: 85, Avg: 0 ms 
15:57:15.975 [Info] Altium.Sch.Core.Performance.AbstractLogger: TProcessGraphicallyEditLocationNotifyViews.Msg: Total: 61 ms, Count: 147, Avg: 0 ms 
15:57:15.975 [Info] Altium.Sch.Core.Performance.AnalyticsUtils: [FeatureTracking] Sch.Selection.Deselect.All: 1 ms 
15:57:15.975 [Info] Altium.Sch.DataModel.EngineObjects.BaseObjects.SelectedObjects: Selection changed (1): PICEZUBO 
15:57:15.992 [Info] Altium.Sch.Compilation.Compiler.DynamicCompilerChangesWatcher: Operation took: 0 ms (Full:0 ms) 
15:57:17.301 [Info] Altium.Sch.Core.Performance.AnalyticsUtils: [FeatureTracking] Sch.Selection.Deselect.All: 3 ms 
15:57:17.301 [Info] Altium.Sch.DataModel.EngineObjects.BaseObjects.SelectedObjects: Selection changed (1): BACCJHIC 
15:57:17.301 [Info] Altium.Sch.Compilation.Compiler.DynamicCompilerChangesWatcher: Operation took: 0 ms (Full:0 ms) 
15:57:17.301 [Info] Altium.Sch.Core.Performance.AnalyticsUtils: [FeatureTracking] Sch.Selection.Select.Single: 5 ms 
15:57:17.301 [Info] Altium.Sch.Core.Performance.AnalyticsUtils: [FeatureTracking] SCH.Selection.Pin.Time: 5 ms 
15:57:19.786 [Info] Altium.Sch.Compilation.Compiler.DynamicCompilerChangesWatcher: Operation took: 0 ms (Full:0 ms) 
15:57:19.828 [Info] Altium.Sch.DataModel.EngineObjects.BaseObjects.SelectedObjects: Selection cleared 
15:57:19.828 [Info] Altium.Sch.Compilation.Compiler.DynamicCompilerChangesWatcher: Operation took: 0 ms (Full:0 ms) 
15:57:22.377 [Info] Altium.Sch.Core.Performance.AbstractLogger: TProcessGraphicallyChooseLocation.Init: 69 ms 
15:57:22.377 [Info] Altium.Sch.Core.Performance.AbstractLogger: TProcessGraphicallyChooseLocation.Finish: 2 ms 
15:57:22.377 [Info] Altium.Sch.Core.Performance.AbstractLogger: TProcessGraphicallyChooseLocation.Painter: Total: 248 ms, Count: 87, Avg: 2 ms 
15:57:22.377 [Info] Altium.Sch.Core.Performance.AbstractLogger: TProcessGraphicallyChooseLocation.Msg: Total: 116 ms, Count: 141, Avg: 0 ms 
15:57:22.377 [Info] Altium.Sch.DataModel.EngineObjects.BaseObjects.SelectedObjects: Selection changed (1): BACCJHIC 
15:57:22.467 [Info] Altium.Sch.Compilation.Compiler.DynamicCompilerChangesWatcher: Operation took: 0 ms (Full:0 ms) 
15:57:22.826 [Info] Altium.Sch.Compilation.Compiler.DynamicCompilerChangesWatcher: Operation took: 0 ms (Full:0 ms) 
15:57:23.447 [Info] Altium.Sch.Compilation.Compiler.DynamicCompilerChangesWatcher: Operation took: 0 ms (Full:0 ms) 
15:57:23.838 [Info] Altium.Sch.Compilation.Compiler.DynamicCompilerChangesWatcher: Operation took: 0 ms (Full:0 ms) 
15:57:24.423 [Info] Altium.Sch.Compilation.Compiler.DynamicCompilerChangesWatcher: Operation took: 0 ms (Full:0 ms) 
15:57:25.549 [Info] Altium.Sch.Core.Performance.AnalyticsUtils: [FeatureTracking] Sch.DragSelection.Begin: 123 ms 
15:57:26.606 [Info] Altium.Sch.Core.Performance.AnalyticsUtils: [FeatureTracking] Sch.DragSelection.InProgress avg: 2 ms, max: 11 ms, total: 25 ms, count: 14 
15:57:26.606 [Info] Altium.Sch.Core.Performance.AbstractLogger: TProcessGraphicallyDrag.Init: 98 ms 
15:57:26.606 [Info] Altium.Sch.Core.Performance.AbstractLogger: TProcessGraphicallyDrag.Finish: 5 ms 
15:57:26.606 [Info] Altium.Sch.Core.Performance.AbstractLogger: TProcessGraphicallyDrag.Painter: Total: 27 ms, Count: 44, Avg: 0 ms 
15:57:26.606 [Info] Altium.Sch.Core.Performance.AbstractLogger: TProcessGraphicallyDrag.Msg: Total: 12 ms, Count: 57, Avg: 0 ms 
15:57:26.643 [Info] Altium.Sch.DataModel.EngineObjects.BaseObjects.SelectedObjects: Selection changed (1): BACCJHIC 
15:57:26.643 [Info] Altium.Sch.Compilation.Compiler.DynamicCompilerChangesWatcher: Operation took: 0 ms (Full:0 ms) 
15:57:26.643 [Info] Altium.Sch.Core.Performance.AnalyticsUtils: [FeatureTracking] Sch.DragSelection.Finishing: 37 ms 
15:57:26.643 [Info] Altium.Sch.Core.Performance.AnalyticsUtils: [FeatureTracking] Sch.DragSelection.General: 162 ms 
15:57:28.224 [Info] Altium.Sch.Core.Performance.AbstractLogger: TProcessGraphicallyDefineSelectionRectangle.Init: 58 ms 
15:57:28.224 [Info] Altium.Sch.Core.Performance.AbstractLogger: TProcessGraphicallyDefineSelectionRectangle.Finish: 1 ms 
15:57:28.224 [Info] Altium.Sch.Core.Performance.AbstractLogger: TProcessGraphicallyDefineSelectionRectangle.Painter: Total: 8 ms, Count: 2, Avg: 4 ms 
15:57:28.224 [Info] Altium.Sch.Core.Performance.AbstractLogger: TProcessGraphicallyDefineSelectionRectangle.Msg: Total: 1 ms, Count: 3, Avg: 0 ms 
15:57:28.233 [Info] Altium.Sch.Core.Performance.AnalyticsUtils: [FeatureTracking] Sch.Selection.Select.Touching: 6 ms 
15:57:28.233 [Info] Altium.Sch.DataModel.EngineObjects.BaseObjects.SelectedObjects: Selection cleared 
15:57:28.233 [Info] Altium.Sch.Compilation.Compiler.DynamicCompilerChangesWatcher: Operation took: 0 ms (Full:0 ms) 
15:57:29.826 [Info] Altium.Sch.Core.Performance.AnalyticsUtils: [FeatureTracking] Sch.Selection.Deselect.All: 1 ms 
15:57:29.826 [Info] Altium.Sch.DataModel.EngineObjects.BaseObjects.SelectedObjects: Selection changed (1): KAHFAJEZ 
15:57:29.826 [Info] Altium.Sch.Compilation.Compiler.DynamicCompilerChangesWatcher: Operation took: 0 ms (Full:0 ms) 
15:57:29.826 [Info] Altium.Sch.Core.Performance.AnalyticsUtils: [FeatureTracking] Sch.Selection.Select.Single: 2 ms 
15:57:29.826 [Info] Altium.Sch.Core.Performance.AnalyticsUtils: [FeatureTracking] SCH.Selection.Polyline.Time: 2 ms 
15:57:31.160 [Info] Altium.Sch.DataModel.EngineObjects.BaseObjects.SelectedObjects: Selection changed (1): KAHFAJEZ 
15:57:31.160 [Info] Altium.Sch.Compilation.Compiler.DynamicCompilerChangesWatcher: Operation took: 0 ms (Full:0 ms) 
15:57:32.364 [Info] Altium.Sch.DataModel.EngineObjects.BaseObjects.SelectedObjects: Selection cleared 
15:57:32.364 [Info] Altium.Sch.Compilation.Compiler.DynamicCompilerChangesWatcher: Operation took: 0 ms (Full:0 ms) 
15:57:34.357 [Info] Altium.Sch.Core.Performance.AbstractLogger: TProcessGraphicallyDefineSelectionRectangle.Init: 89 ms 
15:57:34.357 [Info] Altium.Sch.Core.Performance.AbstractLogger: TProcessGraphicallyDefineSelectionRectangle.Finish: 1 ms 
15:57:34.357 [Info] Altium.Sch.Core.Performance.AbstractLogger: TProcessGraphicallyDefineSelectionRectangle.Painter: Total: 372 ms, Count: 129, Avg: 2 ms 
15:57:34.357 [Info] Altium.Sch.Core.Performance.AbstractLogger: TProcessGraphicallyDefineSelectionRectangle.Msg: Total: 42 ms, Count: 228, Avg: 0 ms 
15:57:34.357 [Info] Altium.Sch.Core.Performance.AnalyticsUtils: [FeatureTracking] Sch.Selection.Select.AreaInside: 2 ms 
15:57:34.357 [Info] Altium.Sch.DataModel.EngineObjects.BaseObjects.SelectedObjects: Selection cleared 
15:57:34.357 [Info] Altium.Sch.Compilation.Compiler.DynamicCompilerChangesWatcher: Operation took: 0 ms (Full:0 ms) 
15:57:36.367 [Info] Altium.Sch.Core.Performance.AbstractLogger: TProcessGraphicallyDefineSelectionRectangle.Init: 90 ms 
15:57:36.367 [Info] Altium.Sch.Core.Performance.AbstractLogger: TProcessGraphicallyDefineSelectionRectangle.Finish: 2 ms 
15:57:36.367 [Info] Altium.Sch.Core.Performance.AbstractLogger: TProcessGraphicallyDefineSelectionRectangle.Painter: Total: 485 ms, Count: 169, Avg: 2 ms 
15:57:36.367 [Info] Altium.Sch.Core.Performance.AbstractLogger: TProcessGraphicallyDefineSelectionRectangle.Msg: Total: 49 ms, Count: 301, Avg: 0 ms 
15:57:36.367 [Info] Altium.Sch.Core.Performance.AnalyticsUtils: [FeatureTracking] Sch.Selection.Select.Touching: 2 ms 
15:57:36.372 [Info] Altium.Sch.DataModel.EngineObjects.BaseObjects.SelectedObjects: Selection changed (1): KAHFAJEZ 
15:57:36.372 [Info] Altium.Sch.Compilation.Compiler.DynamicCompilerChangesWatcher: Operation took: 0 ms (Full:0 ms) 
15:57:42.139 [Info] Altium.Sch.DataModel.EngineObjects.BaseObjects.SelectedObjects: Selection cleared 
15:57:42.139 [Info] Altium.Sch.Core.Performance.AnalyticsUtils: [FeatureTracking] Sch.Selection.Deselect.All: 1 ms 
15:57:42.139 [Info] Altium.Sch.Compilation.Compiler.DynamicCompilerChangesWatcher: Operation took: 0 ms (Full:0 ms) 
15:57:46.431 [Info] Altium.Sch.Core.Performance.AnalyticsUtils: [FeatureTracking] Sch.Selection.Deselect.All: 1 ms 
15:57:46.431 [Info] Altium.Sch.DataModel.EngineObjects.BaseObjects.SelectedObjects: Selection changed (1): BACCJHIC 
15:57:46.431 [Info] Altium.Sch.Compilation.Compiler.DynamicCompilerChangesWatcher: Operation took: 0 ms (Full:0 ms) 
15:57:46.431 [Info] Altium.Sch.Core.Performance.AnalyticsUtils: [FeatureTracking] Sch.Selection.Select.Single: 2 ms 
15:57:46.431 [Info] Altium.Sch.Core.Performance.AnalyticsUtils: [FeatureTracking] SCH.Selection.Pin.Time: 3 ms 
15:57:48.063 [Info] Altium.Sch.Compilation.Compiler.DynamicCompilerChangesWatcher: Operation took: 0 ms (Full:0 ms) 
15:57:51.528 [Info] Altium.Sch.Compilation.Compiler.DynamicCompilerChangesWatcher: Operation took: 0 ms (Full:0 ms) 
15:57:51.663 [Info] Altium.Sch.Core.Performance.AnalyticsUtils: [FeatureTracking] Sch.Selection.Deselect.All: 1 ms 
15:57:51.785 [Info] Altium.Sch.DataModel.EngineObjects.BaseObjects.SelectedObjects: Selection changed (1): PICEZUBO 
15:57:51.785 [Info] Altium.Sch.Compilation.Compiler.DynamicCompilerChangesWatcher: Operation took: 0 ms (Full:0 ms) 
15:57:51.785 [Info] Altium.Sch.Core.Performance.AnalyticsUtils: [FeatureTracking] Sch.Selection.Select.Single: 123 ms 
15:57:51.785 [Info] Altium.Sch.Core.Performance.AnalyticsUtils: [FeatureTracking] SCH.Selection.Pin.Time: 124 ms 
15:57:51.910 [Info] Altium.Sch.Compilation.Compiler.DynamicCompilerChangesWatcher: Operation took: 0 ms (Full:0 ms) 
15:57:54.403 [Info] Altium.Sch.Compilation.Compiler.DynamicCompilerChangesWatcher: Operation took: 0 ms (Full:0 ms) 
15:57:55.828 [Info] Altium.Sch.DataModel.EngineObjects.BaseObjects.SelectedObjects: Selection cleared 
15:57:55.828 [Info] Altium.Sch.Core.Performance.AnalyticsUtils: [FeatureTracking] Sch.Selection.Deselect.All: 1 ms 
15:57:55.828 [Info] Altium.Sch.Compilation.Compiler.DynamicCompilerChangesWatcher: Operation took: 0 ms (Full:0 ms) 
15:58:43.268 [Info] Altium.Sch.DataModel.EngineObjects.BaseObjects.SelectedObjects: Selection cleared 
15:58:43.268 [Info] Altium.Sch.Core.Performance.AnalyticsUtils: [FeatureTracking] Sch.Selection.Deselect.All: 1 ms 
15:58:43.268 [Info] Altium.Sch.Compilation.Compiler.DynamicCompilerChangesWatcher: Operation took: 0 ms (Full:0 ms) 
15:58:44.024 [Info] Altium.Sch.Compilation.Compiler.DynamicCompilerChangesWatcher: Operation took: 0 ms (Full:0 ms) 
15:58:44.209 [Info] Altium.Sch.Compilation.Compiler.DynamicCompilerChangesWatcher: Operation took: 0 ms (Full:0 ms) 
15:58:46.015 [Info] Altium.Sch.Compilation.Compiler.DynamicCompilerChangesWatcher: Operation took: 0 ms (Full:0 ms) 
15:58:46.228 [Info] Altium.Sch.Compilation.Compiler.DynamicCompilerChangesWatcher: Operation took: 0 ms (Full:0 ms) 
15:58:46.613 [Info] Altium.Sch.DataModel.EngineObjects.BaseObjects.SelectedObjects: Selection cleared 
15:58:46.613 [Info] Altium.Sch.Core.Performance.AnalyticsUtils: [FeatureTracking] Sch.Selection.Deselect.All: 1 ms 
15:58:46.613 [Info] Altium.Sch.Compilation.Compiler.DynamicCompilerChangesWatcher: Operation took: 0 ms (Full:0 ms) 
15:58:46.861 [Info] Altium.Sch.Compilation.Compiler.DynamicCompilerChangesWatcher: Operation took: 0 ms (Full:0 ms) 
15:58:47.050 [Info] Altium.Sch.Compilation.Compiler.DynamicCompilerChangesWatcher: Operation took: 0 ms (Full:0 ms) 
15:58:47.976 [Info] Altium.Sch.DataModel.EngineObjects.BaseObjects.SelectedObjects: Selection cleared 
15:58:47.976 [Info] Altium.Sch.Core.Performance.AnalyticsUtils: [FeatureTracking] Sch.Selection.Deselect.All: 1 ms 
15:58:47.976 [Info] Altium.Sch.Compilation.Compiler.DynamicCompilerChangesWatcher: Operation took: 0 ms (Full:0 ms) 
15:58:49.693 [Info] Altium.Sch.Compilation.Compiler.DynamicCompilerChangesWatcher: Operation took: 0 ms (Full:0 ms) 
15:58:50.228 [Info] Altium.Sch.Compilation.Compiler.DynamicCompilerChangesWatcher: Operation took: 0 ms (Full:0 ms) 
15:58:50.562 [Info] Altium.Sch.Compilation.Compiler.DynamicCompilerChangesWatcher: Operation took: 0 ms (Full:0 ms) 
15:58:50.937 [Info] Altium.Sch.Compilation.Compiler.DynamicCompilerChangesWatcher: Operation took: 0 ms (Full:0 ms) 
15:58:51.389 [Info] Altium.Sch.Compilation.Compiler.DynamicCompilerChangesWatcher: Operation took: 0 ms (Full:0 ms) 
15:58:51.769 [Info] Altium.Sch.Compilation.Compiler.DynamicCompilerChangesWatcher: Operation took: 0 ms (Full:0 ms) 
15:58:52.543 [Info] Altium.Sch.DataModel.EngineObjects.BaseObjects.SelectedObjects: Selection cleared 
15:58:52.544 [Info] Altium.Sch.Core.Performance.AnalyticsUtils: [FeatureTracking] Sch.Selection.Deselect.All: 1 ms 
15:58:52.544 [Info] Altium.Sch.Compilation.Compiler.DynamicCompilerChangesWatcher: Operation took: 0 ms (Full:0 ms) 
15:58:58.040 [Info] Altium.Sch.Core.Performance.AbstractLogger: TProcessGraphicallyDefineSelectionRectangle.Init: 87 ms 
15:58:58.040 [Info] Altium.Sch.Core.Performance.AbstractLogger: TProcessGraphicallyDefineSelectionRectangle.Finish: 1 ms 
15:58:58.057 [Info] Altium.Sch.Core.Performance.AbstractLogger: TProcessGraphicallyDefineSelectionRectangle.Painter: Total: 267 ms, Count: 76, Avg: 3 ms 
15:58:58.057 [Info] Altium.Sch.Core.Performance.AbstractLogger: TProcessGraphicallyDefineSelectionRectangle.Msg: Total: 191 ms, Count: 140, Avg: 1 ms 
15:58:58.062 [Info] Altium.Sch.Core.Performance.AnalyticsUtils: [FeatureTracking] Sch.Selection.Select.Touching: 2 ms 
15:58:58.062 [Info] Altium.Sch.DataModel.EngineObjects.BaseObjects.SelectedObjects: Selection changed (3): KAHFAJEZ, BACCJHIC, PICEZUBO 
15:58:58.478 [Info] Altium.Sch.Compilation.Compiler.DynamicCompilerChangesWatcher: Operation took: 0 ms (Full:0 ms) 
15:58:59.352 [Info] Altium.Sch.Core.Performance.AnalyticsUtils: [FeatureTracking] Sch.DragSelection.Begin: 132 ms 
15:59:05.178 [Info] Altium.Sch.Core.Performance.AnalyticsUtils: [FeatureTracking] Sch.DragSelection.InProgress avg: 3 ms, max: 10 ms, total: 195 ms, count: 58 
15:59:05.178 [Info] Altium.Sch.Core.Performance.AbstractLogger: TProcessGraphicallyDrag.Init: 120 ms 
15:59:05.178 [Info] Altium.Sch.Core.Performance.AbstractLogger: TProcessGraphicallyDrag.Finish: 4 ms 
15:59:05.178 [Info] Altium.Sch.Core.Performance.AbstractLogger: TProcessGraphicallyDrag.Painter: Total: 210 ms, Count: 216, Avg: 0 ms 
15:59:05.178 [Info] Altium.Sch.Core.Performance.AbstractLogger: TProcessGraphicallyDrag.Msg: Total: 80 ms, Count: 273, Avg: 0 ms 
15:59:05.196 [Info] Altium.Sch.DataModel.EngineObjects.BaseObjects.SelectedObjects: Selection changed (3): KAHFAJEZ, BACCJHIC, PICEZUBO 
15:59:05.208 [Info] Altium.Sch.Compilation.Compiler.DynamicCompilerChangesWatcher: Operation took: 0 ms (Full:0 ms) 
15:59:05.208 [Info] Altium.Sch.Core.Performance.AnalyticsUtils: [FeatureTracking] Sch.DragSelection.Finishing: 30 ms 
15:59:05.208 [Info] Altium.Sch.Core.Performance.AnalyticsUtils: [FeatureTracking] Sch.DragSelection.General: 164 ms 
15:59:06.041 [Info] Altium.Sch.DataModel.EngineObjects.BaseObjects.SelectedObjects: Selection cleared 
15:59:06.041 [Info] Altium.Sch.Core.Performance.AnalyticsUtils: [FeatureTracking] Sch.Selection.Deselect.All: 1 ms 
15:59:06.041 [Info] Altium.Sch.Compilation.Compiler.DynamicCompilerChangesWatcher: Operation took: 0 ms (Full:0 ms) 
15:59:37.293 [Info] Altium.Sch.Core.Performance.AbstractLogger: TProcessGraphicallyDefineSelectionRectangle.Init: 84 ms 
15:59:37.294 [Info] Altium.Sch.Core.Performance.AbstractLogger: TProcessGraphicallyDefineSelectionRectangle.Finish: 1 ms 
15:59:37.294 [Info] Altium.Sch.Core.Performance.AbstractLogger: TProcessGraphicallyDefineSelectionRectangle.Painter: Total: 474 ms, Count: 137, Avg: 3 ms 
15:59:37.294 [Info] Altium.Sch.Core.Performance.AbstractLogger: TProcessGraphicallyDefineSelectionRectangle.Msg: Total: 172 ms, Count: 220, Avg: 0 ms 
15:59:37.294 [Info] Altium.Sch.Core.Performance.AnalyticsUtils: [FeatureTracking] Sch.Selection.Select.Touching: 2 ms 
15:59:37.294 [Info] Altium.Sch.DataModel.EngineObjects.BaseObjects.SelectedObjects: Selection changed (3): KAHFAJEZ, BACCJHIC, PICEZUBO 
15:59:37.387 [Info] Altium.Sch.Compilation.Compiler.DynamicCompilerChangesWatcher: Operation took: 0 ms (Full:0 ms) 
15:59:41.024 [Info] Altium.Sch.DataModel.EngineObjects.BaseObjects.SelectedObjects: Selection changed (2): KAHFAJEZ, BACCJHIC 
15:59:41.024 [Info] Altium.Sch.Compilation.Compiler.DynamicCompilerChangesWatcher: Operation took: 0 ms (Full:0 ms) 
15:59:41.096 [Info] Altium.Sch.Compilation.Compiler.DynamicCompilerChangesWatcher: Operation took: 0 ms (Full:0 ms) 
15:59:42.396 [Info] Altium.Sch.DataModel.EngineObjects.BaseObjects.SelectedObjects: Selection cleared 
15:59:42.396 [Info] Altium.Sch.Core.Performance.AnalyticsUtils: [FeatureTracking] Sch.Selection.Deselect.All: 1 ms 
15:59:42.396 [Info] Altium.Sch.Compilation.Compiler.DynamicCompilerChangesWatcher: Operation took: 0 ms (Full:0 ms) 
15:59:42.491 [Info] Altium.Sch.Compilation.Compiler.DynamicCompilerChangesWatcher: Operation took: 0 ms (Full:0 ms) 
15:59:43.060 [Info] Altium.Sch.DataModel.EngineObjects.BaseObjects.SelectedObjects: Selection cleared 
15:59:43.060 [Info] Altium.Sch.Core.Performance.AnalyticsUtils: [FeatureTracking] Sch.Selection.Deselect.All: 1 ms 
15:59:43.060 [Info] Altium.Sch.Compilation.Compiler.DynamicCompilerChangesWatcher: Operation took: 0 ms (Full:0 ms) 
15:59:43.137 [Info] Altium.Sch.Compilation.Compiler.DynamicCompilerChangesWatcher: Operation took: 0 ms (Full:0 ms) 
15:59:43.376 [Info] Altium.Sch.DataModel.EngineObjects.BaseObjects.SelectedObjects: Selection cleared 
15:59:43.376 [Info] Altium.Sch.Core.Performance.AnalyticsUtils: [FeatureTracking] Sch.Selection.Deselect.All: 1 ms 
15:59:43.376 [Info] Altium.Sch.Compilation.Compiler.DynamicCompilerChangesWatcher: Operation took: 0 ms (Full:0 ms) 
15:59:44.512 [Info] Altium.Sch.Core.Performance.AnalyticsUtils: [FeatureTracking] Sch.Selection.Deselect.All: 1 ms 
15:59:44.727 [Info] Altium.Sch.DataModel.EngineObjects.BaseObjects.SelectedObjects: Selection changed (1): PICEZUBO 
15:59:44.727 [Info] Altium.Sch.Compilation.Compiler.DynamicCompilerChangesWatcher: Operation took: 0 ms (Full:0 ms) 
15:59:44.727 [Info] Altium.Sch.Core.Performance.AnalyticsUtils: [FeatureTracking] Sch.Selection.Select.Single: 216 ms 
15:59:44.727 [Info] Altium.Sch.Core.Performance.AnalyticsUtils: [FeatureTracking] SCH.Selection.Pin.Time: 217 ms 
15:59:45.012 [Info] Altium.Sch.DataModel.EngineObjects.BaseObjects.SelectedObjects: Selection cleared 
15:59:45.012 [Info] Altium.Sch.Compilation.Compiler.DynamicCompilerChangesWatcher: Operation took: 0 ms (Full:0 ms) 
15:59:45.157 [Info] Altium.Sch.Compilation.Compiler.DynamicCompilerChangesWatcher: Operation took: 0 ms (Full:0 ms) 
15:59:45.457 [Info] Altium.Sch.DataModel.EngineObjects.BaseObjects.SelectedObjects: Selection cleared 
15:59:45.457 [Info] Altium.Sch.Core.Performance.AnalyticsUtils: [FeatureTracking] Sch.Selection.Deselect.All: 1 ms 
15:59:45.457 [Info] Altium.Sch.Compilation.Compiler.DynamicCompilerChangesWatcher: Operation took: 0 ms (Full:0 ms) 
15:59:48.062 [Info] Altium.Sch.Compilation.Compiler.DynamicCompilerChangesWatcher: Operation took: 0 ms (Full:0 ms) 
15:59:48.175 [Info] Altium.Sch.Core.Performance.AbstractLogger: TProcessGraphicallyDefineSelectionRectangle.Init: 71 ms 
15:59:48.175 [Info] Altium.Sch.Core.Performance.AbstractLogger: TProcessGraphicallyDefineSelectionRectangle.Finish: 0 ms 
15:59:48.175 [Info] Altium.Sch.Core.Performance.AbstractLogger: TProcessGraphicallyDefineSelectionRectangle.Painter: 2 ms 
15:59:48.175 [Info] Altium.Sch.Core.Performance.AbstractLogger: TProcessGraphicallyDefineSelectionRectangle.Msg: 0 ms 
15:59:48.175 [Info] Altium.Sch.Core.Performance.AnalyticsUtils: [FeatureTracking] Sch.Selection.Select.AreaInside: 2 ms 
15:59:48.175 [Info] Altium.Sch.DataModel.EngineObjects.BaseObjects.SelectedObjects: Selection cleared 
15:59:48.175 [Info] Altium.Sch.Compilation.Compiler.DynamicCompilerChangesWatcher: Operation took: 0 ms (Full:0 ms) 
15:59:48.623 [Info] Altium.Sch.DataModel.EngineObjects.BaseObjects.SelectedObjects: Selection cleared 
15:59:48.623 [Info] Altium.Sch.Core.Performance.AnalyticsUtils: [FeatureTracking] Sch.Selection.Deselect.All: 1 ms 
15:59:48.623 [Info] Altium.Sch.Compilation.Compiler.DynamicCompilerChangesWatcher: Operation took: 0 ms (Full:0 ms) 
15:59:49.031 [Info] Altium.Sch.DataModel.EngineObjects.BaseObjects.SelectedObjects: Selection cleared 
15:59:49.031 [Info] Altium.Sch.Core.Performance.AnalyticsUtils: [FeatureTracking] Sch.Selection.Deselect.All: 1 ms 
15:59:49.031 [Info] Altium.Sch.Compilation.Compiler.DynamicCompilerChangesWatcher: Operation took: 0 ms (Full:0 ms) 
15:59:49.125 [Info] Altium.Sch.Compilation.Compiler.DynamicCompilerChangesWatcher: Operation took: 0 ms (Full:0 ms) 
15:59:51.792 [Info] Altium.Sch.Core.Performance.AbstractLogger: TPGEditPolygonLocation.Init: 72 ms 
15:59:51.792 [Info] Altium.Sch.Core.Performance.AbstractLogger: TPGEditPolygonLocation.Finish: 71 ms 
15:59:51.792 [Info] Altium.Sch.Core.Performance.AbstractLogger: TPGEditPolygonLocation.Painter: Total: 4 ms, Count: 2, Avg: 2 ms 
15:59:51.792 [Info] Altium.Sch.Core.Performance.AbstractLogger: TPGEditPolygonLocation.Msg: Total: 1 ms, Count: 3, Avg: 0 ms 
15:59:51.796 [Info] Altium.Sch.DataModel.EngineObjects.BaseObjects.SelectedObjects: Selection cleared 
15:59:51.846 [Info] Altium.Sch.Compilation.Compiler.DynamicCompilerChangesWatcher: Operation took: 0 ms (Full:0 ms) 
15:59:53.621 [Info] Altium.Sch.Core.Performance.AbstractLogger: TPGEditPolygonLocation.Init: 96 ms 
15:59:53.621 [Info] Altium.Sch.Core.Performance.AbstractLogger: TPGEditPolygonLocation.Finish: 64 ms 
15:59:53.621 [Info] Altium.Sch.Core.Performance.AbstractLogger: TPGEditPolygonLocation.Painter: Total: 26 ms, Count: 22, Avg: 1 ms 
15:59:53.621 [Info] Altium.Sch.Core.Performance.AbstractLogger: TPGEditPolygonLocation.Msg: Total: 6 ms, Count: 24, Avg: 0 ms 
15:59:53.624 [Info] Altium.Sch.DataModel.EngineObjects.BaseObjects.SelectedObjects: Selection cleared 
15:59:53.670 [Info] Altium.Sch.Compilation.Compiler.DynamicCompilerChangesWatcher: Operation took: 0 ms (Full:0 ms) 
15:59:54.050 [Info] Altium.Sch.Core.Performance.AnalyticsUtils: [FeatureTracking] Sch.Selection.Deselect.All: 1 ms 
15:59:54.323 [Info] Altium.Sch.DataModel.EngineObjects.BaseObjects.SelectedObjects: Selection changed (1): KAHFAJEZ 
15:59:54.323 [Info] Altium.Sch.Compilation.Compiler.DynamicCompilerChangesWatcher: Operation took: 0 ms (Full:0 ms) 
15:59:54.323 [Info] Altium.Sch.Core.Performance.AnalyticsUtils: [FeatureTracking] Sch.Selection.Select.Single: 274 ms 
15:59:54.323 [Info] Altium.Sch.Core.Performance.AnalyticsUtils: [FeatureTracking] SCH.Selection.Polyline.Time: 275 ms 
15:59:54.962 [Info] Altium.Sch.Compilation.Compiler.DynamicCompilerChangesWatcher: Operation took: 0 ms (Full:0 ms) 
15:59:55.182 [Info] Altium.Sch.DataModel.EngineObjects.BaseObjects.SelectedObjects: Selection changed (1): KAHFAJEZ 
15:59:55.182 [Info] Altium.Sch.Compilation.Compiler.DynamicCompilerChangesWatcher: Operation took: 0 ms (Full:0 ms) 
15:59:56.820 [Info] Altium.Sch.DataModel.EngineObjects.BaseObjects.SelectedObjects: Selection cleared 
15:59:56.820 [Info] Altium.Sch.Compilation.Compiler.DynamicCompilerChangesWatcher: Operation took: 0 ms (Full:0 ms) 
15:59:56.923 [Info] Altium.Sch.Core.Performance.AnalyticsUtils: [FeatureTracking] Sch.Selection.Deselect.All: 127 ms 
15:59:57.284 [Info] Altium.Sch.DataModel.EngineObjects.BaseObjects.SelectedObjects: Selection changed (1): KAHFAJEZ 
15:59:57.424 [Info] Altium.Sch.Compilation.Compiler.DynamicCompilerChangesWatcher: Operation took: 0 ms (Full:0 ms) 
15:59:58.232 [Info] Altium.Sch.DataModel.EngineObjects.BaseObjects.SelectedObjects: Selection changed (1): KAHFAJEZ 
15:59:58.232 [Info] Altium.Sch.Compilation.Compiler.DynamicCompilerChangesWatcher: Operation took: 0 ms (Full:0 ms) 
15:59:59.281 [Info] Altium.Sch.Core.Performance.AnalyticsUtils: [FeatureTracking] Sch.Selection.Deselect.All: 1 ms 
15:59:59.436 [Info] Altium.Sch.DataModel.EngineObjects.BaseObjects.SelectedObjects: Selection changed (1): PICEZUBO 
15:59:59.436 [Info] Altium.Sch.Compilation.Compiler.DynamicCompilerChangesWatcher: Operation took: 0 ms (Full:0 ms) 
15:59:59.436 [Info] Altium.Sch.Core.Performance.AnalyticsUtils: [FeatureTracking] Sch.Selection.Select.Single: 157 ms 
15:59:59.436 [Info] Altium.Sch.Core.Performance.AnalyticsUtils: [FeatureTracking] SCH.Selection.Pin.Time: 157 ms 
15:59:59.569 [Info] Altium.Sch.Compilation.Compiler.DynamicCompilerChangesWatcher: Operation took: 0 ms (Full:0 ms) 
16:00:01.267 [Info] Altium.Sch.DataModel.EngineObjects.BaseObjects.SelectedObjects: Selection cleared 
16:00:01.267 [Info] Altium.Sch.Compilation.Compiler.DynamicCompilerChangesWatcher: Operation took: 0 ms (Full:0 ms) 
16:00:50.647 [Info] Altium.Sch.Compilation.Compiler.DynamicCompilerChangesWatcher: Operation took: 0 ms (Full:0 ms) 
16:00:50.792 [Info] Altium.Sch.DataModel.EngineObjects.BaseObjects.SelectedObjects: Selection cleared 
16:00:50.792 [Info] Altium.Sch.Core.Performance.AnalyticsUtils: [FeatureTracking] Sch.Selection.Deselect.All: 1 ms 
16:00:50.792 [Info] Altium.Sch.Compilation.Compiler.DynamicCompilerChangesWatcher: Operation took: 0 ms (Full:0 ms) 
16:00:53.296 [Info] Altium.Sch.Core.Performance.AbstractLogger: TProcessGraphicallyDefineSelectionRectangle.Init: 80 ms 
16:00:53.296 [Info] Altium.Sch.Core.Performance.AbstractLogger: TProcessGraphicallyDefineSelectionRectangle.Finish: 2 ms 
16:00:53.296 [Info] Altium.Sch.Core.Performance.AbstractLogger: TProcessGraphicallyDefineSelectionRectangle.Painter: Total: 379 ms, Count: 212, Avg: 1 ms 
16:00:53.296 [Info] Altium.Sch.Core.Performance.AbstractLogger: TProcessGraphicallyDefineSelectionRectangle.Msg: Total: 176 ms, Count: 368, Avg: 0 ms 
16:00:53.296 [Info] Altium.Sch.Core.Performance.AnalyticsUtils: [FeatureTracking] Sch.Selection.Select.Touching: 2 ms 
16:00:53.296 [Info] Altium.Sch.DataModel.EngineObjects.BaseObjects.SelectedObjects: Selection changed (1): KAHFAJEZ 
16:00:53.632 [Info] Altium.Sch.Compilation.Compiler.DynamicCompilerChangesWatcher: Operation took: 0 ms (Full:0 ms) 
16:00:55.075 [Info] Altium.Sch.DataModel.EngineObjects.BaseObjects.SelectedObjects: Selection changed (1): KAHFAJEZ 
16:00:55.075 [Info] Altium.Sch.Compilation.Compiler.DynamicCompilerChangesWatcher: Operation took: 0 ms (Full:0 ms) 
16:00:55.181 [Info] Altium.Sch.Compilation.Compiler.DynamicCompilerChangesWatcher: Operation took: 0 ms (Full:0 ms) 
16:00:59.420 [Info] Altium.Sch.Compilation.Compiler.DynamicCompilerChangesWatcher: Operation took: 0 ms (Full:0 ms) 
16:01:00.781 [Info] Altium.Sch.DataModel.EngineObjects.BaseObjects.SelectedObjects: Selection cleared 
16:01:00.781 [Info] Altium.Sch.Core.Performance.AnalyticsUtils: [FeatureTracking] Sch.Selection.Deselect.All: 1 ms 
16:01:00.781 [Info] Altium.Sch.Compilation.Compiler.DynamicCompilerChangesWatcher: Operation took: 0 ms (Full:0 ms) 
16:01:06.750 [Info] Altium.Sch.Core.Performance.AnalyticsUtils: [FeatureTracking] Sch.DragSelection.Begin: 113 ms 
16:01:08.299 [Info] Altium.Sch.Core.Performance.AnalyticsUtils: [FeatureTracking] Sch.DragSelection.InProgress avg: 4 ms, max: 45 ms, total: 70 ms, count: 17 
16:01:08.299 [Info] Altium.Sch.Core.Performance.AbstractLogger: TProcessGraphicallyDrag.Init: 104 ms 
16:01:08.299 [Info] Altium.Sch.Core.Performance.AbstractLogger: TProcessGraphicallyDrag.Finish: 2 ms 
16:01:08.299 [Info] Altium.Sch.Core.Performance.AbstractLogger: TProcessGraphicallyDrag.Painter: Total: 83 ms, Count: 60, Avg: 1 ms 
16:01:08.299 [Info] Altium.Sch.Core.Performance.AbstractLogger: TProcessGraphicallyDrag.Msg: Total: 11 ms, Count: 76, Avg: 0 ms 
16:01:08.299 [Info] Altium.Sch.DataModel.EngineObjects.BaseObjects.SelectedObjects: Selection cleared 
16:01:08.365 [Info] Altium.Sch.Compilation.Compiler.DynamicCompilerChangesWatcher: Operation took: 0 ms (Full:0 ms) 
16:01:08.365 [Info] Altium.Sch.Core.Performance.AnalyticsUtils: [FeatureTracking] Sch.DragSelection.Finishing: 66 ms 
16:01:08.365 [Info] Altium.Sch.Core.Performance.AnalyticsUtils: [FeatureTracking] Sch.DragSelection.General: 183 ms 
16:01:09.011 [Info] Altium.Sch.DataModel.EngineObjects.BaseObjects.SelectedObjects: Selection cleared 
16:01:09.011 [Info] Altium.Sch.Core.Performance.AnalyticsUtils: [FeatureTracking] Sch.Selection.Deselect.All: 1 ms 
16:01:09.011 [Info] Altium.Sch.Compilation.Compiler.DynamicCompilerChangesWatcher: Operation took: 0 ms (Full:0 ms) 
16:01:09.329 [Info] Altium.Sch.Compilation.Compiler.DynamicCompilerChangesWatcher: Operation took: 0 ms (Full:0 ms) 
16:01:20.190 [Info] Altium.Sch.Core.Performance.AbstractLogger: TProcessGraphicallyDefineSelectionRectangle.Init: 88 ms 
16:01:20.190 [Info] Altium.Sch.Core.Performance.AbstractLogger: TProcessGraphicallyDefineSelectionRectangle.Finish: 2 ms 
16:01:20.190 [Info] Altium.Sch.Core.Performance.AbstractLogger: TProcessGraphicallyDefineSelectionRectangle.Painter: Total: 455 ms, Count: 166, Avg: 2 ms 
16:01:20.190 [Info] Altium.Sch.Core.Performance.AbstractLogger: TProcessGraphicallyDefineSelectionRectangle.Msg: Total: 213 ms, Count: 312, Avg: 0 ms 
16:01:20.190 [Info] Altium.Sch.Core.Performance.AnalyticsUtils: [FeatureTracking] Sch.Selection.Select.Touching: 2 ms 
16:01:20.190 [Info] Altium.Sch.DataModel.EngineObjects.BaseObjects.SelectedObjects: Selection changed (3): KAHFAJEZ, BACCJHIC, PICEZUBO 
16:01:20.296 [Info] Altium.Sch.Compilation.Compiler.DynamicCompilerChangesWatcher: Operation took: 0 ms (Full:0 ms) 
16:01:21.671 [Info] Altium.Sch.Compilation.Compiler.DynamicCompilerChangesWatcher: Operation took: 0 ms (Full:0 ms) 
16:01:39.037 [Info] Altium.Sch.DataModel.EngineObjects.BaseObjects.SelectedObjects: Selection cleared 
16:01:39.037 [Info] Altium.Sch.Core.Performance.AnalyticsUtils: [FeatureTracking] Sch.Selection.Deselect.All: 1 ms 
16:01:39.037 [Info] Altium.Sch.Compilation.Compiler.DynamicCompilerChangesWatcher: Operation took: 0 ms (Full:0 ms) 
16:01:40.006 [Info] Altium.Sch.Core.Performance.AnalyticsUtils: [FeatureTracking] Sch.DragSelection.Begin: 134 ms 
16:01:41.753 [Info] Altium.Sch.Core.Performance.AnalyticsUtils: [FeatureTracking] Sch.DragSelection.InProgress avg: 12 ms, max: 119 ms, total: 564 ms, count: 47 
16:01:41.852 [Info] Altium.Sch.Core.Performance.AbstractLogger: TProcessGraphicallyEditClipboardLocation_Optimized.Init: 113 ms 
16:01:41.852 [Info] Altium.Sch.Core.Performance.AbstractLogger: TProcessGraphicallyEditClipboardLocation_Optimized.Finish: 99 ms 
16:01:41.852 [Info] Altium.Sch.Core.Performance.AbstractLogger: TProcessGraphicallyEditClipboardLocation_Optimized.Painter: Total: 425 ms, Count: 88, Avg: 4 ms 
16:01:41.852 [Info] Altium.Sch.Core.Performance.AbstractLogger: TProcessGraphicallyEditClipboardLocation_Optimized.Msg: Total: 215 ms, Count: 139, Avg: 1 ms 
16:01:41.859 [Info] Altium.Sch.Core.Performance.AnalyticsUtils: [FeatureTracking] Sch.DragSelection.Finishing: 105 ms 
16:01:41.859 [Info] Altium.Sch.Core.Performance.AnalyticsUtils: [FeatureTracking] Sch.DragSelection.General: 252 ms 
16:01:41.859 [Info] Altium.Sch.DataModel.EngineObjects.BaseObjects.SelectedObjects: Selection cleared 
16:01:41.859 [Info] Altium.Sch.Compilation.Compiler.DynamicCompilerChangesWatcher: Operation took: 0 ms (Full:0 ms) 
16:01:46.625 [Info] Altium.Sch.DataModel.EngineObjects.BaseObjects.SelectedObjects: Selection cleared 
16:01:46.625 [Info] Altium.Sch.Core.Performance.AnalyticsUtils: [FeatureTracking] Sch.Selection.Deselect.All: 1 ms 
16:01:46.860 [Info] Altium.Sch.DataModel.EngineObjects.BaseObjects.SelectedObjects: Selection cleared 
16:01:46.860 [Info] Altium.Sch.Core.Performance.AnalyticsUtils: [FeatureTracking] Sch.Selection.Deselect.All: 1 ms 
16:01:48.959 [Info] Altium.Sch.DataModel.EngineObjects.BaseObjects.SelectedObjects: Selection cleared 
16:01:48.959 [Info] Altium.Sch.Core.Performance.AnalyticsUtils: [FeatureTracking] Sch.Selection.Deselect.All: 1 ms 
16:01:48.959 [Info] Altium.Sch.Compilation.Compiler.DynamicCompilerChangesWatcher: Operation took: 0 ms (Full:0 ms) 
16:02:50.818 [Info] Altium.Sch.DataModel.SchDataModel: Export Object C:\Users\Sena\Desktop\altium derslerim\PCB_Project\stm32.$$$ (objects:0) 
16:02:54.919 [Info] Altium.Sch.DataModel.EngineObjects.BaseObjects.SelectedObjects: Selection cleared 
16:02:54.919 [Info] Altium.Sch.Core.Performance.AnalyticsUtils: [FeatureTracking] Sch.Selection.Deselect.All: 1 ms 
16:02:55.487 [Info] Altium.Sch.DataModel.EngineObjects.BaseObjects.SelectedObjects: Selection cleared 
16:02:55.487 [Info] Altium.Sch.Core.Performance.AnalyticsUtils: [FeatureTracking] Sch.Selection.Deselect.All: 1 ms 
16:03:02.313 [Info] Altium.Sch.Compilation.Compiler.DynamicCompilerChangesWatcher: Operation took: 0 ms (Full:0 ms) 
16:03:02.449 [Info] Altium.Sch.DataModel.EngineObjects.BaseObjects.SelectedObjects: Selection cleared 
16:03:02.450 [Info] Altium.Sch.Core.Performance.AnalyticsUtils: [FeatureTracking] Sch.Selection.Deselect.All: 1 ms 
16:03:02.450 [Info] Altium.Sch.Compilation.Compiler.DynamicCompilerChangesWatcher: Operation took: 0 ms (Full:0 ms) 
16:03:20.283 [Info] Altium.Sch.Core.Performance.AnalyticsUtils: [FeatureTracking] Sch.DragSelection.Begin: 121 ms 
16:03:22.901 [Info] Altium.Sch.Core.Performance.AnalyticsUtils: [FeatureTracking] Sch.DragSelection.InProgress avg: 3 ms, max: 32 ms, total: 99 ms, count: 29 
16:03:22.903 [Info] Altium.Sch.Core.Performance.AbstractLogger: TProcessGraphicallyDrag.Init: 114 ms 
16:03:22.903 [Info] Altium.Sch.Core.Performance.AbstractLogger: TProcessGraphicallyDrag.Finish: 2 ms 
16:03:22.903 [Info] Altium.Sch.Core.Performance.AbstractLogger: TProcessGraphicallyDrag.Painter: Total: 107 ms, Count: 98, Avg: 1 ms 
16:03:22.903 [Info] Altium.Sch.Core.Performance.AbstractLogger: TProcessGraphicallyDrag.Msg: Total: 32 ms, Count: 126, Avg: 0 ms 
16:03:22.903 [Info] Altium.Sch.DataModel.EngineObjects.BaseObjects.SelectedObjects: Selection cleared 
16:03:22.967 [Info] Altium.Sch.Compilation.Compiler.DynamicCompilerChangesWatcher: Operation took: 0 ms (Full:0 ms) 
16:03:22.967 [Info] Altium.Sch.Core.Performance.AnalyticsUtils: [FeatureTracking] Sch.DragSelection.Finishing: 66 ms 
16:03:22.967 [Info] Altium.Sch.Core.Performance.AnalyticsUtils: [FeatureTracking] Sch.DragSelection.General: 190 ms 
16:03:34.460 [Info] Altium.Sch.Core.Performance.AbstractLogger: TProcessGraphicallyDefineSelectionRectangle.Init: 91 ms 
16:03:34.460 [Info] Altium.Sch.Core.Performance.AbstractLogger: TProcessGraphicallyDefineSelectionRectangle.Finish: 2 ms 
16:03:34.460 [Info] Altium.Sch.Core.Performance.AbstractLogger: TProcessGraphicallyDefineSelectionRectangle.Painter: Total: 707 ms, Count: 70, Avg: 10 ms 
16:03:34.460 [Info] Altium.Sch.Core.Performance.AbstractLogger: TProcessGraphicallyDefineSelectionRectangle.Msg: Total: 116 ms, Count: 128, Avg: 0 ms 
16:03:34.468 [Info] Altium.Sch.Core.Performance.AnalyticsUtils: [FeatureTracking] Sch.Selection.Select.Touching: 6 ms 
16:03:34.468 [Info] Altium.Sch.DataModel.EngineObjects.BaseObjects.SelectedObjects: Selection changed (3): NILNLVVD, YHVKXWCQ, JUSZCBUI 
16:03:34.587 [Info] Altium.Sch.Compilation.Compiler.DynamicCompilerChangesWatcher: Operation took: 0 ms (Full:0 ms) 
16:03:37.101 [Info] Altium.Sch.Core.Performance.AnalyticsUtils: [FeatureTracking] Sch.DragSelection.Begin: 112 ms 
16:03:38.944 [Info] Altium.Sch.Core.Performance.AnalyticsUtils: [FeatureTracking] Sch.DragSelection.InProgress avg: 3 ms, max: 16 ms, total: 30 ms, count: 10 
16:03:38.944 [Info] Altium.Sch.Core.Performance.AbstractLogger: TProcessGraphicallyDrag.Init: 84 ms 
16:03:38.944 [Info] Altium.Sch.Core.Performance.AbstractLogger: TProcessGraphicallyDrag.Finish: 2 ms 
16:03:38.944 [Info] Altium.Sch.Core.Performance.AbstractLogger: TProcessGraphicallyDrag.Painter: Total: 49 ms, Count: 60, Avg: 0 ms 
16:03:38.944 [Info] Altium.Sch.Core.Performance.AbstractLogger: TProcessGraphicallyDrag.Msg: Total: 9 ms, Count: 69, Avg: 0 ms 
16:03:38.951 [Info] Altium.Sch.DataModel.EngineObjects.BaseObjects.SelectedObjects: Selection changed (3): NILNLVVD, YHVKXWCQ, JUSZCBUI 
16:03:38.951 [Info] Altium.Sch.Compilation.Compiler.DynamicCompilerChangesWatcher: Operation took: 0 ms (Full:0 ms) 
16:03:38.951 [Info] Altium.Sch.Core.Performance.AnalyticsUtils: [FeatureTracking] Sch.DragSelection.Finishing: 18 ms 
16:03:38.951 [Info] Altium.Sch.Core.Performance.AnalyticsUtils: [FeatureTracking] Sch.DragSelection.General: 134 ms 
16:03:40.412 [Info] Altium.Sch.Core.Performance.AbstractLogger: TProcessGraphicallyDefineSelectionRectangle.Init: 47 ms 
16:03:40.412 [Info] Altium.Sch.Core.Performance.AbstractLogger: TProcessGraphicallyDefineSelectionRectangle.Finish: 1 ms 
16:03:40.412 [Info] Altium.Sch.Core.Performance.AbstractLogger: TProcessGraphicallyDefineSelectionRectangle.Painter: Total: 13 ms, Count: 2, Avg: 6 ms 
16:03:40.412 [Info] Altium.Sch.Core.Performance.AbstractLogger: TProcessGraphicallyDefineSelectionRectangle.Msg: Total: 1 ms, Count: 3, Avg: 0 ms 
16:03:40.421 [Info] Altium.Sch.Core.Performance.AnalyticsUtils: [FeatureTracking] Sch.Selection.Select.AreaInside: 6 ms 
16:03:40.421 [Info] Altium.Sch.DataModel.EngineObjects.BaseObjects.SelectedObjects: Selection cleared 
16:03:40.548 [Info] Altium.Sch.Compilation.Compiler.DynamicCompilerChangesWatcher: Operation took: 0 ms (Full:0 ms) 
16:03:47.636 [Info] Altium.Sch.Core.Performance.AnalyticsUtils: [FeatureTracking] Sch.DragSelection.Begin: 88 ms 
16:03:49.381 [Info] Altium.Sch.Core.Performance.AnalyticsUtils: [FeatureTracking] Sch.DragSelection.InProgress avg: 2 ms, max: 13 ms, total: 56 ms, count: 30 
16:03:49.381 [Info] Altium.Sch.Core.Performance.AbstractLogger: TProcessGraphicallyDrag.Init: 80 ms 
16:03:49.381 [Info] Altium.Sch.Core.Performance.AbstractLogger: TProcessGraphicallyDrag.Finish: 2 ms 
16:03:49.381 [Info] Altium.Sch.Core.Performance.AbstractLogger: TProcessGraphicallyDrag.Painter: Total: 66 ms, Count: 78, Avg: 0 ms 
16:03:49.381 [Info] Altium.Sch.Core.Performance.AbstractLogger: TProcessGraphicallyDrag.Msg: Total: 14 ms, Count: 107, Avg: 0 ms 
16:03:49.381 [Info] Altium.Sch.DataModel.EngineObjects.BaseObjects.SelectedObjects: Selection cleared 
16:03:49.450 [Info] Altium.Sch.Compilation.Compiler.DynamicCompilerChangesWatcher: Operation took: 0 ms (Full:0 ms) 
16:03:49.450 [Info] Altium.Sch.Core.Performance.AnalyticsUtils: [FeatureTracking] Sch.DragSelection.Finishing: 69 ms 
16:03:49.450 [Info] Altium.Sch.Core.Performance.AnalyticsUtils: [FeatureTracking] Sch.DragSelection.General: 159 ms 
16:03:52.308 [Info] Altium.Sch.Core.Performance.AnalyticsUtils: [FeatureTracking] Sch.DragSelection.Begin: 98 ms 
16:03:53.485 [Info] Altium.Sch.Core.Performance.AnalyticsUtils: [FeatureTracking] Sch.DragSelection.InProgress avg: 2 ms, max: 10 ms, total: 23 ms, count: 14 
16:03:53.485 [Info] Altium.Sch.Core.Performance.AbstractLogger: TProcessGraphicallyDrag.Init: 74 ms 
16:03:53.485 [Info] Altium.Sch.Core.Performance.AbstractLogger: TProcessGraphicallyDrag.Finish: 2 ms 
16:03:53.485 [Info] Altium.Sch.Core.Performance.AbstractLogger: TProcessGraphicallyDrag.Painter: Total: 34 ms, Count: 47, Avg: 0 ms 
16:03:53.485 [Info] Altium.Sch.Core.Performance.AbstractLogger: TProcessGraphicallyDrag.Msg: Total: 8 ms, Count: 60, Avg: 0 ms 
16:03:53.485 [Info] Altium.Sch.DataModel.EngineObjects.BaseObjects.SelectedObjects: Selection cleared 
16:03:53.557 [Info] Altium.Sch.Compilation.Compiler.DynamicCompilerChangesWatcher: Operation took: 0 ms (Full:0 ms) 
16:03:53.557 [Info] Altium.Sch.Core.Performance.AnalyticsUtils: [FeatureTracking] Sch.DragSelection.Finishing: 72 ms 
16:03:53.557 [Info] Altium.Sch.Core.Performance.AnalyticsUtils: [FeatureTracking] Sch.DragSelection.General: 172 ms 
16:03:54.747 [Info] Altium.Sch.Core.Performance.AnalyticsUtils: [FeatureTracking] Sch.DragSelection.Begin: 118 ms 
16:03:55.907 [Info] Altium.Sch.Core.Performance.AnalyticsUtils: [FeatureTracking] Sch.DragSelection.InProgress avg: 1 ms, max: 15 ms, total: 81 ms, count: 55 
16:03:55.907 [Info] Altium.Sch.Core.Performance.AbstractLogger: TProcessGraphicallyDrag.Init: 86 ms 
16:03:55.907 [Info] Altium.Sch.Core.Performance.AbstractLogger: TProcessGraphicallyDrag.Finish: 3 ms 
16:03:55.907 [Info] Altium.Sch.Core.Performance.AbstractLogger: TProcessGraphicallyDrag.Painter: Total: 76 ms, Count: 89, Avg: 0 ms 
16:03:55.907 [Info] Altium.Sch.Core.Performance.AbstractLogger: TProcessGraphicallyDrag.Msg: Total: 23 ms, Count: 143, Avg: 0 ms 
16:03:55.907 [Info] Altium.Sch.DataModel.EngineObjects.BaseObjects.SelectedObjects: Selection cleared 
16:03:55.970 [Info] Altium.Sch.Compilation.Compiler.DynamicCompilerChangesWatcher: Operation took: 0 ms (Full:0 ms) 
16:03:55.970 [Info] Altium.Sch.Core.Performance.AnalyticsUtils: [FeatureTracking] Sch.DragSelection.Finishing: 63 ms 
16:03:55.970 [Info] Altium.Sch.Core.Performance.AnalyticsUtils: [FeatureTracking] Sch.DragSelection.General: 182 ms 
16:03:59.951 [Info] Altium.Sch.Core.Performance.AnalyticsUtils: [FeatureTracking] Sch.DragSelection.Begin: 102 ms 
16:04:09.489 [Info] Altium.Sch.Core.Performance.AnalyticsUtils: [FeatureTracking] Sch.DragSelection.InProgress avg: 4 ms, max: 127 ms, total: 1062 ms, count: 256 
16:04:09.489 [Info] Altium.Sch.Core.Performance.AbstractLogger: TProcessGraphicallyDrag.Init: 95 ms 
16:04:09.489 [Info] Altium.Sch.Core.Performance.AbstractLogger: TProcessGraphicallyDrag.Finish: 2 ms 
16:04:09.489 [Info] Altium.Sch.Core.Performance.AbstractLogger: TProcessGraphicallyDrag.Painter: Total: 932 ms, Count: 507, Avg: 1 ms 
16:04:09.489 [Info] Altium.Sch.Core.Performance.AbstractLogger: TProcessGraphicallyDrag.Msg: Total: 323 ms, Count: 716, Avg: 0 ms 
16:04:09.489 [Info] Altium.Sch.DataModel.EngineObjects.BaseObjects.SelectedObjects: Selection cleared 
16:04:09.555 [Info] Altium.Sch.Compilation.Compiler.DynamicCompilerChangesWatcher: Operation took: 0 ms (Full:0 ms) 
16:04:09.555 [Info] Altium.Sch.Core.Performance.AnalyticsUtils: [FeatureTracking] Sch.DragSelection.Finishing: 66 ms 
16:04:09.555 [Info] Altium.Sch.Core.Performance.AnalyticsUtils: [FeatureTracking] Sch.DragSelection.General: 172 ms 
16:04:10.296 [Info] Altium.Sch.Core.Performance.AbstractLogger: TProcessGraphicallyDefineSelectionRectangle.Init: 64 ms 
16:04:10.296 [Info] Altium.Sch.Core.Performance.AbstractLogger: TProcessGraphicallyDefineSelectionRectangle.Finish: 1 ms 
16:04:10.296 [Info] Altium.Sch.Core.Performance.AbstractLogger: TProcessGraphicallyDefineSelectionRectangle.Painter: Total: 11 ms, Count: 2, Avg: 5 ms 
16:04:10.296 [Info] Altium.Sch.Core.Performance.AbstractLogger: TProcessGraphicallyDefineSelectionRectangle.Msg: Total: 1 ms, Count: 3, Avg: 0 ms 
16:04:10.296 [Info] Altium.Sch.Core.Performance.AnalyticsUtils: [FeatureTracking] Sch.Selection.Select.Touching: 6 ms 
16:04:10.296 [Info] Altium.Sch.DataModel.EngineObjects.BaseObjects.SelectedObjects: Selection cleared 
16:04:10.296 [Info] Altium.Sch.Compilation.Compiler.DynamicCompilerChangesWatcher: Operation took: 0 ms (Full:0 ms) 
16:04:14.108 [Info] Altium.Sch.Core.Performance.AbstractLogger: TProcessGraphicallyDefineSelectionRectangle.Init: 64 ms 
16:04:14.108 [Info] Altium.Sch.Core.Performance.AbstractLogger: TProcessGraphicallyDefineSelectionRectangle.Finish: 1 ms 
16:04:14.108 [Info] Altium.Sch.Core.Performance.AbstractLogger: TProcessGraphicallyDefineSelectionRectangle.Painter: Total: 11 ms, Count: 2, Avg: 5 ms 
16:04:14.108 [Info] Altium.Sch.Core.Performance.AbstractLogger: TProcessGraphicallyDefineSelectionRectangle.Msg: Total: 1 ms, Count: 3, Avg: 0 ms 
16:04:14.108 [Info] Altium.Sch.Core.Performance.AnalyticsUtils: [FeatureTracking] Sch.Selection.Select.Touching: 5 ms 
16:04:14.108 [Info] Altium.Sch.DataModel.EngineObjects.BaseObjects.SelectedObjects: Selection cleared 
16:04:14.108 [Info] Altium.Sch.Compilation.Compiler.DynamicCompilerChangesWatcher: Operation took: 0 ms (Full:0 ms) 
16:04:37.752 [Info] Altium.Sch.DataModel.EngineObjects.BaseObjects.SelectedObjects: Selection cleared 
16:04:37.752 [Info] Altium.Sch.Core.Performance.AnalyticsUtils: [FeatureTracking] Sch.Selection.Deselect.All: 5 ms 
16:04:38.655 [Info] Altium.Sch.DataModel.EngineObjects.BaseObjects.SelectedObjects: Selection cleared 
16:04:38.655 [Info] Altium.Sch.Core.Performance.AnalyticsUtils: [FeatureTracking] Sch.Selection.Deselect.All: 5 ms 
16:04:39.035 [Info] Altium.Sch.DataModel.EngineObjects.BaseObjects.SelectedObjects: Selection cleared 
16:04:39.035 [Info] Altium.Sch.Core.Performance.AnalyticsUtils: [FeatureTracking] Sch.Selection.Deselect.All: 5 ms 
16:04:42.184 [Info] Altium.Sch.Compilation.Compiler.DynamicCompilerChangesWatcher: Operation took: 0 ms (Full:0 ms) 
16:04:55.950 [Info] Altium.Sch.Compilation.Compiler.DynamicCompilerChangesWatcher: Operation took: 0 ms (Full:0 ms) 
16:05:11.607 [Info] Altium.Sch.DataModel.EngineObjects.BaseObjects.SelectedObjects: Selection cleared 
16:05:11.607 [Info] Altium.Sch.Core.Performance.AnalyticsUtils: [FeatureTracking] Sch.Selection.Deselect.All: 5 ms 
16:05:12.366 [Info] Altium.Sch.DataModel.EngineObjects.BaseObjects.SelectedObjects: Selection cleared 
16:05:12.366 [Info] Altium.Sch.Core.Performance.AnalyticsUtils: [FeatureTracking] Sch.Selection.Deselect.All: 5 ms 
16:05:12.890 [Info] Altium.Sch.Core.Performance.AnalyticsUtils: [FeatureTracking] Sch.Selection.Deselect.All: 1 ms 
16:05:13.179 [Info] Altium.Sch.DataModel.EngineObjects.BaseObjects.SelectedObjects: Selection changed (1): NILNLVVD 
16:05:13.179 [Info] Altium.Sch.Compilation.Compiler.DynamicCompilerChangesWatcher: Operation took: 0 ms (Full:0 ms) 
16:05:13.179 [Info] Altium.Sch.Core.Performance.AnalyticsUtils: [FeatureTracking] Sch.Selection.Select.Single: 290 ms 
16:05:13.179 [Info] Altium.Sch.Core.Performance.AnalyticsUtils: [FeatureTracking] SCH.Selection.Polyline.Time: 291 ms 
16:05:14.157 [Info] Altium.Sch.DataModel.EngineObjects.BaseObjects.SelectedObjects: Selection cleared 
16:05:14.157 [Info] Altium.Sch.Core.Performance.AnalyticsUtils: [FeatureTracking] Sch.Selection.Deselect.All: 1 ms 
16:05:14.157 [Info] Altium.Sch.Compilation.Compiler.DynamicCompilerChangesWatcher: Operation took: 0 ms (Full:0 ms) 
16:05:15.510 [Info] Altium.Sch.Core.Performance.AbstractLogger: TProcessGraphicallyDefineSelectionRectangle.Init: 54 ms 
16:05:15.510 [Info] Altium.Sch.Core.Performance.AbstractLogger: TProcessGraphicallyDefineSelectionRectangle.Finish: 1 ms 
16:05:15.510 [Info] Altium.Sch.Core.Performance.AbstractLogger: TProcessGraphicallyDefineSelectionRectangle.Painter: Total: 512 ms, Count: 87, Avg: 5 ms 
16:05:15.510 [Info] Altium.Sch.Core.Performance.AbstractLogger: TProcessGraphicallyDefineSelectionRectangle.Msg: Total: 169 ms, Count: 174, Avg: 0 ms 
16:05:15.520 [Info] Altium.Sch.Core.Performance.AnalyticsUtils: [FeatureTracking] Sch.Selection.Select.Touching: 6 ms 
16:05:15.520 [Info] Altium.Sch.DataModel.EngineObjects.BaseObjects.SelectedObjects: Selection changed (3): NILNLVVD, YHVKXWCQ, JUSZCBUI 
16:05:15.627 [Info] Altium.Sch.Compilation.Compiler.DynamicCompilerChangesWatcher: Operation took: 0 ms (Full:0 ms) 
16:05:17.697 [Info] Altium.Sch.Compilation.Compiler.DynamicCompilerChangesWatcher: Operation took: 0 ms (Full:0 ms) 
16:05:19.388 [Info] Altium.Sch.DataModel.EngineObjects.BaseObjects.SelectedObjects: Selection cleared 
16:05:19.388 [Info] Altium.Sch.Core.Performance.AnalyticsUtils: [FeatureTracking] Sch.Selection.Deselect.All: 6 ms 
16:05:19.973 [Info] Altium.Sch.DataModel.EngineObjects.BaseObjects.SelectedObjects: Selection cleared 
16:05:19.973 [Info] Altium.Sch.Core.Performance.AnalyticsUtils: [FeatureTracking] Sch.Selection.Deselect.All: 6 ms 
16:05:20.449 [Info] Altium.Sch.DataModel.EngineObjects.BaseObjects.SelectedObjects: Selection cleared 
16:05:20.450 [Info] Altium.Sch.Core.Performance.AnalyticsUtils: [FeatureTracking] Sch.Selection.Deselect.All: 1 ms 
16:05:20.450 [Info] Altium.Sch.Compilation.Compiler.DynamicCompilerChangesWatcher: Operation took: 0 ms (Full:0 ms) 
16:05:21.656 [Info] Altium.Sch.Core.Performance.AnalyticsUtils: [FeatureTracking] Sch.DragSelection.Begin: 91 ms 
16:05:23.758 [Info] Altium.Sch.Core.Performance.AnalyticsUtils: [FeatureTracking] Sch.DragSelection.InProgress avg: 14 ms, max: 123 ms, total: 688 ms, count: 50 
16:05:23.862 [Info] Altium.Sch.Core.Performance.AbstractLogger: TProcessGraphicallyEditClipboardLocation_Optimized.Init: 86 ms 
16:05:23.862 [Info] Altium.Sch.Core.Performance.AbstractLogger: TProcessGraphicallyEditClipboardLocation_Optimized.Finish: 104 ms 
16:05:23.862 [Info] Altium.Sch.Core.Performance.AbstractLogger: TProcessGraphicallyEditClipboardLocation_Optimized.Painter: Total: 521 ms, Count: 94, Avg: 5 ms 
16:05:23.862 [Info] Altium.Sch.Core.Performance.AbstractLogger: TProcessGraphicallyEditClipboardLocation_Optimized.Msg: Total: 258 ms, Count: 146, Avg: 1 ms 
16:05:23.862 [Info] Altium.Sch.Core.Performance.AnalyticsUtils: [FeatureTracking] Sch.DragSelection.Finishing: 110 ms 
16:05:23.862 [Info] Altium.Sch.Core.Performance.AnalyticsUtils: [FeatureTracking] Sch.DragSelection.General: 215 ms 
16:05:23.862 [Info] Altium.Sch.DataModel.EngineObjects.BaseObjects.SelectedObjects: Selection cleared 
16:05:23.862 [Info] Altium.Sch.Compilation.Compiler.DynamicCompilerChangesWatcher: Operation took: 0 ms (Full:0 ms) 
16:06:00.306 [Info] Altium.Sch.DataModel.EngineObjects.BaseObjects.SelectedObjects: Selection cleared 
16:06:00.306 [Info] Altium.Sch.Core.Performance.AnalyticsUtils: [FeatureTracking] Sch.Selection.Deselect.All: 1 ms 
16:06:02.314 [Info] Altium.Sch.DataModel.EngineObjects.BaseObjects.SelectedObjects: Selection cleared 
16:06:02.314 [Info] Altium.Sch.Core.Performance.AnalyticsUtils: [FeatureTracking] Sch.Selection.Deselect.All: 1 ms 
16:06:18.965 [Info] Altium.Sch.DataModel.EngineObjects.BaseObjects.SelectedObjects: Selection cleared 
16:06:18.966 [Info] Altium.Sch.Core.Performance.AnalyticsUtils: [FeatureTracking] Sch.Selection.Deselect.All: 1 ms 
16:06:19.535 [Info] Altium.Sch.DataModel.EngineObjects.BaseObjects.SelectedObjects: Selection cleared 
16:06:19.535 [Info] Altium.Sch.Core.Performance.AnalyticsUtils: [FeatureTracking] Sch.Selection.Deselect.All: 1 ms 
16:06:20.383 [Info] Altium.Sch.DataModel.EngineObjects.BaseObjects.SelectedObjects: Selection cleared 
16:06:20.383 [Info] Altium.Sch.Core.Performance.AnalyticsUtils: [FeatureTracking] Sch.Selection.Deselect.All: 1 ms 
16:06:20.773 [Info] Altium.Sch.DataModel.EngineObjects.BaseObjects.SelectedObjects: Selection cleared 
16:06:20.773 [Info] Altium.Sch.Core.Performance.AnalyticsUtils: [FeatureTracking] Sch.Selection.Deselect.All: 1 ms 
16:06:24.730 [Info] Altium.Sch.DataModel.EngineObjects.BaseObjects.SelectedObjects: Selection cleared 
16:06:24.730 [Info] Altium.Sch.Core.Performance.AnalyticsUtils: [FeatureTracking] Sch.Selection.Deselect.All: 9 ms 
16:06:24.730 [Info] Altium.Sch.Compilation.Compiler.DynamicCompilerChangesWatcher: Operation took: 0 ms (Full:0 ms) 
16:06:56.250 [Info] Altium.Sch.DataModel.EngineObjects.BaseObjects.SelectedObjects: Selection cleared 
16:06:56.250 [Info] Altium.Sch.Core.Performance.AnalyticsUtils: [FeatureTracking] Sch.Selection.Deselect.All: 1 ms 
16:06:56.250 [Info] Altium.Sch.Compilation.Compiler.DynamicCompilerChangesWatcher: Operation took: 0 ms (Full:0 ms) 
16:06:58.609 [Info] Altium.Sch.DataModel.EngineObjects.BaseObjects.SelectedObjects: Selection cleared 
16:06:58.609 [Info] Altium.Sch.Core.Performance.AnalyticsUtils: [FeatureTracking] Sch.Selection.Deselect.All: 1 ms 
16:06:59.174 [Info] Altium.Sch.DataModel.EngineObjects.BaseObjects.SelectedObjects: Selection cleared 
16:06:59.174 [Info] Altium.Sch.Core.Performance.AnalyticsUtils: [FeatureTracking] Sch.Selection.Deselect.All: 1 ms 
16:06:59.593 [Info] Altium.Sch.DataModel.EngineObjects.BaseObjects.SelectedObjects: Selection cleared 
16:06:59.593 [Info] Altium.Sch.Core.Performance.AnalyticsUtils: [FeatureTracking] Sch.Selection.Deselect.All: 1 ms 
16:07:00.520 [Info] Altium.Sch.DataModel.EngineObjects.BaseObjects.SelectedObjects: Selection cleared 
16:07:00.520 [Info] Altium.Sch.Core.Performance.AnalyticsUtils: [FeatureTracking] Sch.Selection.Deselect.All: 1 ms 
16:07:00.520 [Info] Altium.Sch.Compilation.Compiler.DynamicCompilerChangesWatcher: Operation took: 0 ms (Full:0 ms) 
16:07:01.043 [Info] Altium.Sch.Core.Performance.AbstractLogger: TProcessGraphicallyDefineSelectionRectangle.Init: 45 ms 
16:07:01.044 [Info] Altium.Sch.Core.Performance.AbstractLogger: TProcessGraphicallyDefineSelectionRectangle.Finish: 0 ms 
16:07:01.044 [Info] Altium.Sch.Core.Performance.AbstractLogger: TProcessGraphicallyDefineSelectionRectangle.Painter: Total: 29 ms, Count: 4, Avg: 7 ms 
16:07:01.044 [Info] Altium.Sch.Core.Performance.AbstractLogger: TProcessGraphicallyDefineSelectionRectangle.Msg: Total: 0 ms, Count: 5, Avg: 0 ms 
16:07:01.044 [Info] Altium.Sch.Core.Performance.AnalyticsUtils: [FeatureTracking] Sch.Selection.Select.AreaInside: 6 ms 
16:07:01.044 [Info] Altium.Sch.DataModel.EngineObjects.BaseObjects.SelectedObjects: Selection cleared 
16:07:01.044 [Info] Altium.Sch.Compilation.Compiler.DynamicCompilerChangesWatcher: Operation took: 0 ms (Full:0 ms) 
16:07:04.235 [Info] Altium.Sch.Core.Performance.AbstractLogger: TProcessGraphicallyDefineSelectionRectangle.Init: 81 ms 
16:07:04.235 [Info] Altium.Sch.Core.Performance.AbstractLogger: TProcessGraphicallyDefineSelectionRectangle.Finish: 2 ms 
16:07:04.235 [Info] Altium.Sch.Core.Performance.AbstractLogger: TProcessGraphicallyDefineSelectionRectangle.Painter: Total: 568 ms, Count: 88, Avg: 6 ms 
16:07:04.235 [Info] Altium.Sch.Core.Performance.AbstractLogger: TProcessGraphicallyDefineSelectionRectangle.Msg: Total: 110 ms, Count: 157, Avg: 0 ms 
16:07:04.235 [Info] Altium.Sch.Core.Performance.AnalyticsUtils: [FeatureTracking] Sch.Selection.Select.Touching: 5 ms 
16:07:04.235 [Info] Altium.Sch.DataModel.EngineObjects.BaseObjects.SelectedObjects: Selection changed (3): KAHFAJEZ, BACCJHIC, PICEZUBO 
16:07:04.350 [Info] Altium.Sch.Compilation.Compiler.DynamicCompilerChangesWatcher: Operation took: 0 ms (Full:0 ms) 
16:07:05.284 [Info] Altium.Sch.Compilation.Compiler.DynamicCompilerChangesWatcher: Operation took: 0 ms (Full:0 ms) 
16:07:07.770 [Info] Altium.Sch.DataModel.EngineObjects.BaseObjects.SelectedObjects: Selection cleared 
16:07:07.770 [Info] Altium.Sch.Core.Performance.AnalyticsUtils: [FeatureTracking] Sch.Selection.Deselect.All: 5 ms 
16:07:08.243 [Info] Altium.Sch.DataModel.EngineObjects.BaseObjects.SelectedObjects: Selection cleared 
16:07:08.243 [Info] Altium.Sch.Core.Performance.AnalyticsUtils: [FeatureTracking] Sch.Selection.Deselect.All: 5 ms 
16:07:08.668 [Info] Altium.Sch.DataModel.EngineObjects.BaseObjects.SelectedObjects: Selection cleared 
16:07:08.668 [Info] Altium.Sch.Core.Performance.AnalyticsUtils: [FeatureTracking] Sch.Selection.Deselect.All: 1 ms 
16:07:08.669 [Info] Altium.Sch.Compilation.Compiler.DynamicCompilerChangesWatcher: Operation took: 0 ms (Full:0 ms) 
16:07:09.706 [Info] Altium.Sch.Core.Performance.AnalyticsUtils: [FeatureTracking] Sch.DragSelection.Begin: 72 ms 
16:07:16.431 [Info] Altium.Sch.Core.Performance.AnalyticsUtils: [FeatureTracking] Sch.DragSelection.InProgress avg: 13 ms, max: 123 ms, total: 833 ms, count: 63 
16:07:16.533 [Info] Altium.Sch.Core.Performance.AbstractLogger: TProcessGraphicallyEditClipboardLocation_Optimized.Init: 69 ms 
16:07:16.533 [Info] Altium.Sch.Core.Performance.AbstractLogger: TProcessGraphicallyEditClipboardLocation_Optimized.Finish: 102 ms 
16:07:16.533 [Info] Altium.Sch.Core.Performance.AbstractLogger: TProcessGraphicallyEditClipboardLocation_Optimized.Painter: Total: 1032 ms, Count: 232, Avg: 4 ms 
16:07:16.533 [Info] Altium.Sch.Core.Performance.AbstractLogger: TProcessGraphicallyEditClipboardLocation_Optimized.Msg: Total: 292 ms, Count: 299, Avg: 0 ms 
16:07:16.533 [Info] Altium.Sch.Core.Performance.AnalyticsUtils: [FeatureTracking] Sch.DragSelection.Finishing: 109 ms 
16:07:16.533 [Info] Altium.Sch.Core.Performance.AnalyticsUtils: [FeatureTracking] Sch.DragSelection.General: 193 ms 
16:07:16.533 [Info] Altium.Sch.DataModel.EngineObjects.BaseObjects.SelectedObjects: Selection cleared 
16:07:16.533 [Info] Altium.Sch.Compilation.Compiler.DynamicCompilerChangesWatcher: Operation took: 0 ms (Full:0 ms) 
16:07:19.391 [Info] Altium.Sch.Core.Performance.AbstractLogger: TProcessGraphicallyDefineSelectionRectangle.Init: 72 ms 
16:07:19.391 [Info] Altium.Sch.Core.Performance.AbstractLogger: TProcessGraphicallyDefineSelectionRectangle.Finish: 1 ms 
16:07:19.391 [Info] Altium.Sch.Core.Performance.AbstractLogger: TProcessGraphicallyDefineSelectionRectangle.Painter: Total: 344 ms, Count: 142, Avg: 2 ms 
16:07:19.391 [Info] Altium.Sch.Core.Performance.AbstractLogger: TProcessGraphicallyDefineSelectionRectangle.Msg: Total: 191 ms, Count: 266, Avg: 0 ms 
16:07:19.391 [Info] Altium.Sch.Core.Performance.AnalyticsUtils: [FeatureTracking] Sch.Selection.Select.Touching: 2 ms 
16:07:19.391 [Info] Altium.Sch.DataModel.EngineObjects.BaseObjects.SelectedObjects: Selection changed (3): DNVRDWJW, XJUDBXHH, WWOMEUEO 
16:07:19.511 [Info] Altium.Sch.Compilation.Compiler.DynamicCompilerChangesWatcher: Operation took: 0 ms (Full:0 ms) 
16:07:20.579 [Info] Altium.Sch.Core.Performance.AnalyticsUtils: [FeatureTracking] Sch.DragSelection.Begin: 90 ms 
16:07:21.665 [Info] Altium.Sch.Core.Performance.AnalyticsUtils: [FeatureTracking] Sch.DragSelection.InProgress avg: 4 ms, max: 19 ms, total: 36 ms, count: 9 
16:07:21.665 [Info] Altium.Sch.Core.Performance.AbstractLogger: TProcessGraphicallyDrag.Init: 81 ms 
16:07:21.665 [Info] Altium.Sch.Core.Performance.AbstractLogger: TProcessGraphicallyDrag.Finish: 2 ms 
16:07:21.665 [Info] Altium.Sch.Core.Performance.AbstractLogger: TProcessGraphicallyDrag.Painter: Total: 43 ms, Count: 39, Avg: 1 ms 
16:07:21.665 [Info] Altium.Sch.Core.Performance.AbstractLogger: TProcessGraphicallyDrag.Msg: Total: 9 ms, Count: 47, Avg: 0 ms 
16:07:21.674 [Info] Altium.Sch.DataModel.EngineObjects.BaseObjects.SelectedObjects: Selection changed (3): DNVRDWJW, XJUDBXHH, WWOMEUEO 
16:07:21.674 [Info] Altium.Sch.Compilation.Compiler.DynamicCompilerChangesWatcher: Operation took: 0 ms (Full:0 ms) 
16:07:21.674 [Info] Altium.Sch.Core.Performance.AnalyticsUtils: [FeatureTracking] Sch.DragSelection.Finishing: 19 ms 
16:07:21.674 [Info] Altium.Sch.Core.Performance.AnalyticsUtils: [FeatureTracking] Sch.DragSelection.General: 113 ms 
16:07:22.715 [Info] Altium.Sch.DataModel.EngineObjects.BaseObjects.SelectedObjects: Selection cleared 
16:07:22.715 [Info] Altium.Sch.Core.Performance.AnalyticsUtils: [FeatureTracking] Sch.Selection.Deselect.All: 1 ms 
16:07:22.716 [Info] Altium.Sch.Compilation.Compiler.DynamicCompilerChangesWatcher: Operation took: 0 ms (Full:0 ms) 
